[debug] [2022-04-26T10:12:34.372Z] ----------------------------------------------------------------------
[debug] [2022-04-26T10:12:34.374Z] Command:       C:\Program Files\nodejs\node.exe C:\Users\Saiket\AppData\Roaming\npm\node_modules\firebase-tools\lib\bin\firebase.js init
[debug] [2022-04-26T10:12:34.374Z] CLI Version:   10.6.0
[debug] [2022-04-26T10:12:34.374Z] Platform:      win32
[debug] [2022-04-26T10:12:34.374Z] Node Version:  v17.3.0
[debug] [2022-04-26T10:12:34.375Z] Time:          Tue Apr 26 2022 18:12:34 GMT+0800 (Singapore Standard Time)
[debug] [2022-04-26T10:12:34.375Z] ----------------------------------------------------------------------
[debug] 
[debug] [2022-04-26T10:12:34.426Z] > command requires scopes: ["email","openid","https://www.googleapis.com/auth/cloudplatformprojects.readonly","https://www.googleapis.com/auth/firebase","https://www.googleapis.com/auth/cloud-platform"]
[debug] [2022-04-26T10:12:34.427Z] > authorizing via signed-in user (isaiketdas@gmail.com)
[info] 
     ######## #### ########  ######## ########     ###     ######  ########
     ##        ##  ##     ## ##       ##     ##  ##   ##  ##       ##
     ######    ##  ########  ######   ########  #########  ######  ######
     ##        ##  ##    ##  ##       ##     ## ##     ##       ## ##
     ##       #### ##     ## ######## ########  ##     ##  ######  ########

You're about to initialize a Firebase project in this directory:

  C:\Users\Saiket\Desktop\Programming Hero\Milestone 11 - Backend and Database Integrate\Module 3 - Node, CRUD, Mangodb Again\genius-car-service-client

Before we get started, keep in mind:

  * You are initializing within an existing Firebase project directory

[info] 
=== Project Setup
[info] 
[info] First, let's associate this project directory with a Firebase project.
[info] You can create multiple project aliases by running firebase use --add, 
[info] but for now we'll just set up a default project.
[info] 
[debug] [2022-04-26T10:12:59.046Z] Using project from CLI flag: genius-car-services-18c77
[debug] [2022-04-26T10:12:59.050Z] >>> [apiv2][query] GET https://firebase.googleapis.com/v1beta1/projects/genius-car-services-18c77 [none]
[debug] [2022-04-26T10:12:59.575Z] <<< [apiv2][status] GET https://firebase.googleapis.com/v1beta1/projects/genius-car-services-18c77 403
[debug] [2022-04-26T10:12:59.575Z] <<< [apiv2][body] GET https://firebase.googleapis.com/v1beta1/projects/genius-car-services-18c77 {"error":{"code":403,"message":"The caller does not have permission","status":"PERMISSION_DENIED"}}
[debug] [2022-04-26T10:12:59.576Z] HTTP Error: 403, The caller does not have permission
[debug] [2022-04-26T10:12:59.687Z] FirebaseError: HTTP Error: 403, The caller does not have permission
    at module.exports (C:\Users\Saiket\AppData\Roaming\npm\node_modules\firebase-tools\lib\responseToError.js:47:12)
    at RetryOperation._fn (C:\Users\Saiket\AppData\Roaming\npm\node_modules\firebase-tools\lib\apiv2.js:286:39)
    at processTicksAndRejections (node:internal/process/task_queues:96:5)
[error] 
[error] Error: Failed to get Firebase project genius-car-services-18c77. Please make sure the project exists and your account has permission to access it.
[debug] [2022-04-26T10:13:20.737Z] ----------------------------------------------------------------------
[debug] [2022-04-26T10:13:20.739Z] Command:       C:\Program Files\nodejs\node.exe C:\Users\Saiket\AppData\Roaming\npm\node_modules\firebase-tools\lib\bin\firebase.js init
[debug] [2022-04-26T10:13:20.739Z] CLI Version:   10.6.0
[debug] [2022-04-26T10:13:20.739Z] Platform:      win32
[debug] [2022-04-26T10:13:20.739Z] Node Version:  v17.3.0
[debug] [2022-04-26T10:13:20.740Z] Time:          Tue Apr 26 2022 18:13:20 GMT+0800 (Singapore Standard Time)
[debug] [2022-04-26T10:13:20.740Z] ----------------------------------------------------------------------
[debug] 
[debug] [2022-04-26T10:13:20.791Z] > command requires scopes: ["email","openid","https://www.googleapis.com/auth/cloudplatformprojects.readonly","https://www.googleapis.com/auth/firebase","https://www.googleapis.com/auth/cloud-platform"]
[debug] [2022-04-26T10:13:20.792Z] > authorizing via signed-in user (isaiketdas@gmail.com)
[info] 
     ######## #### ########  ######## ########     ###     ######  ########
     ##        ##  ##     ## ##       ##     ##  ##   ##  ##       ##
     ######    ##  ########  ######   ########  #########  ######  ######
     ##        ##  ##    ##  ##       ##     ## ##     ##       ## ##
     ##       #### ##     ## ######## ########  ##     ##  ######  ########

You're about to initialize a Firebase project in this directory:

  C:\Users\Saiket\Desktop\Programming Hero\Milestone 11 - Backend and Database Integrate\Module 3 - Node, CRUD, Mangodb Again\genius-car-service-client

Before we get started, keep in mind:

  * You are initializing within an existing Firebase project directory

[info] 
=== Project Setup
[info] 
[info] First, let's associate this project directory with a Firebase project.
[info] You can create multiple project aliases by running firebase use --add, 
[info] but for now we'll just set up a default project.
[info] 
[debug] [2022-04-26T10:14:42.616Z] Using project from CLI flag: genius-car-services-18c77
[debug] [2022-04-26T10:14:42.618Z] >>> [apiv2][query] GET https://firebase.googleapis.com/v1beta1/projects/genius-car-services-18c77 [none]
[debug] [2022-04-26T10:14:43.162Z] <<< [apiv2][status] GET https://firebase.googleapis.com/v1beta1/projects/genius-car-services-18c77 403
[debug] [2022-04-26T10:14:43.162Z] <<< [apiv2][body] GET https://firebase.googleapis.com/v1beta1/projects/genius-car-services-18c77 {"error":{"code":403,"message":"The caller does not have permission","status":"PERMISSION_DENIED"}}
[debug] [2022-04-26T10:14:43.163Z] HTTP Error: 403, The caller does not have permission
[debug] [2022-04-26T10:14:43.297Z] FirebaseError: HTTP Error: 403, The caller does not have permission
    at module.exports (C:\Users\Saiket\AppData\Roaming\npm\node_modules\firebase-tools\lib\responseToError.js:47:12)
    at RetryOperation._fn (C:\Users\Saiket\AppData\Roaming\npm\node_modules\firebase-tools\lib\apiv2.js:286:39)
    at processTicksAndRejections (node:internal/process/task_queues:96:5)
[error] 
[error] Error: Failed to get Firebase project genius-car-services-18c77. Please make sure the project exists and your account has permission to access it.
[debug] [2022-04-26T10:15:27.082Z] ----------------------------------------------------------------------
[debug] [2022-04-26T10:15:27.085Z] Command:       C:\Program Files\nodejs\node.exe C:\Users\Saiket\AppData\Roaming\npm\node_modules\firebase-tools\lib\bin\firebase.js init
[debug] [2022-04-26T10:15:27.086Z] CLI Version:   10.6.0
[debug] [2022-04-26T10:15:27.086Z] Platform:      win32
[debug] [2022-04-26T10:15:27.087Z] Node Version:  v17.3.0
[debug] [2022-04-26T10:15:27.087Z] Time:          Tue Apr 26 2022 18:15:27 GMT+0800 (Singapore Standard Time)
[debug] [2022-04-26T10:15:27.087Z] ----------------------------------------------------------------------
[debug] 
[debug] [2022-04-26T10:15:27.166Z] > command requires scopes: ["email","openid","https://www.googleapis.com/auth/cloudplatformprojects.readonly","https://www.googleapis.com/auth/firebase","https://www.googleapis.com/auth/cloud-platform"]
[debug] [2022-04-26T10:15:27.166Z] > authorizing via signed-in user (isaiketdas@gmail.com)
[info] 
     ######## #### ########  ######## ########     ###     ######  ########
     ##        ##  ##     ## ##       ##     ##  ##   ##  ##       ##
     ######    ##  ########  ######   ########  #########  ######  ######
     ##        ##  ##    ##  ##       ##     ## ##     ##       ## ##
     ##       #### ##     ## ######## ########  ##     ##  ######  ########

You're about to initialize a Firebase project in this directory:

  C:\Users\Saiket\Desktop\Programming Hero\Milestone 11 - Backend and Database Integrate\Module 3 - Node, CRUD, Mangodb Again\genius-car-service-client

Before we get started, keep in mind:

  * You are initializing within an existing Firebase project directory

[debug] [2022-04-26T10:15:44.771Z] ----------------------------------------------------------------------
[debug] [2022-04-26T10:15:44.775Z] Command:       C:\Program Files\nodejs\node.exe C:\Users\Saiket\AppData\Roaming\npm\node_modules\firebase-tools\lib\bin\firebase.js init
[debug] [2022-04-26T10:15:44.775Z] CLI Version:   10.6.0
[debug] [2022-04-26T10:15:44.775Z] Platform:      win32
[debug] [2022-04-26T10:15:44.775Z] Node Version:  v17.3.0
[debug] [2022-04-26T10:15:44.776Z] Time:          Tue Apr 26 2022 18:15:44 GMT+0800 (Singapore Standard Time)
[debug] [2022-04-26T10:15:44.776Z] ----------------------------------------------------------------------
[debug] 
[debug] [2022-04-26T10:15:44.848Z] > command requires scopes: ["email","openid","https://www.googleapis.com/auth/cloudplatformprojects.readonly","https://www.googleapis.com/auth/firebase","https://www.googleapis.com/auth/cloud-platform"]
[debug] [2022-04-26T10:15:44.849Z] > authorizing via signed-in user (isaiketdas@gmail.com)
[info] 
     ######## #### ########  ######## ########     ###     ######  ########
     ##        ##  ##     ## ##       ##     ##  ##   ##  ##       ##
     ######    ##  ########  ######   ########  #########  ######  ######
     ##        ##  ##    ##  ##       ##     ## ##     ##       ## ##
     ##       #### ##     ## ######## ########  ##     ##  ######  ########

You're about to initialize a Firebase project in this directory:

  C:\Users\Saiket\Desktop\Programming Hero\Milestone 11 - Backend and Database Integrate\Module 3 - Node, CRUD, Mangodb Again\genius-car-service-client

Before we get started, keep in mind:

  * You are initializing within an existing Firebase project directory

[info] 
=== Project Setup
[info] 
[info] First, let's associate this project directory with a Firebase project.
[info] You can create multiple project aliases by running firebase use --add, 
[info] but for now we'll just set up a default project.
[info] 
[debug] [2022-04-26T10:15:58.754Z] Using project from CLI flag: genius-car-services-18c77
[debug] [2022-04-26T10:15:58.758Z] >>> [apiv2][query] GET https://firebase.googleapis.com/v1beta1/projects/genius-car-services-18c77 [none]
[debug] [2022-04-26T10:15:59.389Z] <<< [apiv2][status] GET https://firebase.googleapis.com/v1beta1/projects/genius-car-services-18c77 403
[debug] [2022-04-26T10:15:59.389Z] <<< [apiv2][body] GET https://firebase.googleapis.com/v1beta1/projects/genius-car-services-18c77 {"error":{"code":403,"message":"The caller does not have permission","status":"PERMISSION_DENIED"}}
[debug] [2022-04-26T10:15:59.390Z] HTTP Error: 403, The caller does not have permission
[debug] [2022-04-26T10:15:59.483Z] FirebaseError: HTTP Error: 403, The caller does not have permission
    at module.exports (C:\Users\Saiket\AppData\Roaming\npm\node_modules\firebase-tools\lib\responseToError.js:47:12)
    at RetryOperation._fn (C:\Users\Saiket\AppData\Roaming\npm\node_modules\firebase-tools\lib\apiv2.js:286:39)
    at processTicksAndRejections (node:internal/process/task_queues:96:5)
[error] 
[error] Error: Failed to get Firebase project genius-car-services-18c77. Please make sure the project exists and your account has permission to access it.
[debug] [2022-04-26T10:20:29.773Z] ----------------------------------------------------------------------
[debug] [2022-04-26T10:20:29.775Z] Command:       C:\Program Files\nodejs\node.exe C:\Users\Saiket\AppData\Roaming\npm\node_modules\firebase-tools\lib\bin\firebase.js init
[debug] [2022-04-26T10:20:29.775Z] CLI Version:   10.6.0
[debug] [2022-04-26T10:20:29.775Z] Platform:      win32
[debug] [2022-04-26T10:20:29.775Z] Node Version:  v17.3.0
[debug] [2022-04-26T10:20:29.789Z] Time:          Tue Apr 26 2022 18:20:29 GMT+0800 (Singapore Standard Time)
[debug] [2022-04-26T10:20:29.790Z] ----------------------------------------------------------------------
[debug] 
[debug] [2022-04-26T10:20:29.861Z] > command requires scopes: ["email","openid","https://www.googleapis.com/auth/cloudplatformprojects.readonly","https://www.googleapis.com/auth/firebase","https://www.googleapis.com/auth/cloud-platform"]
[debug] [2022-04-26T10:20:29.861Z] > authorizing via signed-in user (isaiketdas@gmail.com)
[info] 
     ######## #### ########  ######## ########     ###     ######  ########
     ##        ##  ##     ## ##       ##     ##  ##   ##  ##       ##
     ######    ##  ########  ######   ########  #########  ######  ######
     ##        ##  ##    ##  ##       ##     ## ##     ##       ## ##
     ##       #### ##     ## ######## ########  ##     ##  ######  ########

You're about to initialize a Firebase project in this directory:

  C:\Users\Saiket\Desktop\Programming Hero\Milestone 11 - Backend and Database Integrate\Module 3 - Node, CRUD, Mangodb Again\genius-car-service-client

Before we get started, keep in mind:

  * You are initializing within an existing Firebase project directory

[info] 
=== Project Setup
[info] 
[info] First, let's associate this project directory with a Firebase project.
[info] You can create multiple project aliases by running firebase use --add, 
[info] but for now we'll just set up a default project.
[info] 
[debug] [2022-04-26T10:20:40.979Z] Using project from CLI flag: genius-car-services-18c77
[debug] [2022-04-26T10:20:40.982Z] >>> [apiv2][query] GET https://firebase.googleapis.com/v1beta1/projects/genius-car-services-18c77 [none]
[debug] [2022-04-26T10:20:41.504Z] <<< [apiv2][status] GET https://firebase.googleapis.com/v1beta1/projects/genius-car-services-18c77 403
[debug] [2022-04-26T10:20:41.505Z] <<< [apiv2][body] GET https://firebase.googleapis.com/v1beta1/projects/genius-car-services-18c77 {"error":{"code":403,"message":"The caller does not have permission","status":"PERMISSION_DENIED"}}
[debug] [2022-04-26T10:20:41.505Z] HTTP Error: 403, The caller does not have permission
[debug] [2022-04-26T10:20:41.657Z] FirebaseError: HTTP Error: 403, The caller does not have permission
    at module.exports (C:\Users\Saiket\AppData\Roaming\npm\node_modules\firebase-tools\lib\responseToError.js:47:12)
    at RetryOperation._fn (C:\Users\Saiket\AppData\Roaming\npm\node_modules\firebase-tools\lib\apiv2.js:286:39)
    at processTicksAndRejections (node:internal/process/task_queues:96:5)
[error] 
[error] Error: Failed to get Firebase project genius-car-services-18c77. Please make sure the project exists and your account has permission to access it.
